<?xml version="1.0" encoding="utf-8"?><testsuites name="pytest tests"><testsuite name="pytest" errors="0" failures="48" skipped="0" tests="294" time="1.927" timestamp="2026-08-26T06:40:53.152476+07:00" hostname="fc2be966fa34"><testcase classname="tests.test_action_error_logging_v65818" name="test_version_and_migration" time="0.000" /><testcase classname="tests.test_action_error_logging_v65818" name="test_hooks_and_masking" time="0.000" /><testcase classname="tests.test_action_error_logging_v65818" name="test_ui" time="0.001" /><testcase classname="tests.test_action_logs_sql_contract" name="test_action_logs_noise_literals_are_escaped_for_psycopg_params" time="0.000" /><testcase classname="tests.test_agent_nginx_contract_v6584412" name="test_agent_subdomain_proxy_contract" time="0.000" /><testcase classname="tests.test_agent_nginx_contract_v6584412" name="test_linux_host_gateway_is_available_to_nginx" time="0.000" /><testcase classname="tests.test_agent_nginx_contract_v6584412" name="test_agent_http_redirects_to_https" time="0.000" /><testcase classname="tests.test_agent_nginx_contract_v6584412" name="test_release_version_is_synced" time="0.000" /><testcase classname="tests.test_alembic_version_width_v658391" name="test_long_revision_widens_alembic_version_before_schema_changes" time="0.000" /><testcase classname="tests.test_alembic_version_width_v658391" name="test_runtime_version_matches_release" time="0.000" /><testcase classname="tests.test_autologin_session_timeline_v65813" name="test_version" time="0.000" /><testcase classname="tests.test_autologin_session_timeline_v65813" name="test_test_autologin_server_side" time="0.000" /><testcase classname="tests.test_autologin_session_timeline_v65813" name="test_daily_session_timeline" time="0.001" /><testcase classname="tests.test_backup_restore_suite_v65839" name="test_restore_backup_suite_is_wired_into_docker_tests" time="0.000" /><testcase classname="tests.test_control_tower_v6585" name="test_current_dashboard_frontend_sections" time="0.001" /><testcase classname="tests.test_control_tower_v6585" name="test_shift_dashboard_backend_contract" time="0.000" /><testcase classname="tests.test_control_tower_v6585" name="test_release_version_6585" time="0.000" /><testcase classname="tests.test_dashboard_running_card_contract" name="test_running_card_declared_before_use" time="0.003"><failure message="assert 'const runningCard=x=&gt;' in &quot;const resources={\n employees:{title:'Nhân viên',fields:['employee_no','name','department','team','position','employm...hật phân quyền')}catch(e){state.textContent=e.message||'Không lưu được phân quyền'}finally{save.disabled=false}};\n}\n&quot;">def test_running_card_declared_before_use():
        text = Path("app/mesflow/web/static/app.js").read_text(encoding="utf-8")
        declaration = "const runningCard=x=&gt;"
        usage = ".map(runningCard)"
&gt;       assert declaration in text
E       assert 'const runningCard=x=&gt;' in "const resources={\n employees:{title:'Nhân viên',fields:['employee_no','name','department','team','position','employm...hật phân quyền')}catch(e){state.textContent=e.message||'Không lưu được phân quyền'}finally{save.disabled=false}};\n}\n"

tests/test_dashboard_running_card_contract.py:8: AssertionError</failure></testcase><testcase classname="tests.test_employee_management_v6563" name="test_employee_profile_migration_and_repository" time="0.000" /><testcase classname="tests.test_employee_management_v6563" name="test_employee_ui_is_dedicated" time="0.003"><failure message="assert 'Tổng SP đạt' in &quot;const resources={\n employees:{title:'Nhân viên',fields:['employee_no','name','department','team','position','employm...hật phân quyền')}catch(e){state.textContent=e.message||'Không lưu được phân quyền'}finally{save.disabled=false}};\n}\n&quot;">def test_employee_ui_is_dedicated():
        js=(ROOT/'app/mesflow/web/static/app.js').read_text(encoding='utf-8')
        css=(ROOT/'app/mesflow/web/static/ui.css').read_text(encoding='utf-8')
        assert "if(id==='employees')return renderEmployees()" in js
        for text in ('+ Thêm nhân viên','Tổ / Nhóm','CCCD','Tổng SP đạt','employeeModal'):
&gt;           assert text in js
E           assert 'Tổng SP đạt' in "const resources={\n employees:{title:'Nhân viên',fields:['employee_no','name','department','team','position','employm...hật phân quyền')}catch(e){state.textContent=e.message||'Không lưu được phân quyền'}finally{save.disabled=false}};\n}\n"

tests/test_employee_management_v6563.py:19: AssertionError</failure></testcase><testcase classname="tests.test_excel_import_export_source" name="test_excel_backend_routes_and_dependency_present" time="0.000" /><testcase classname="tests.test_excel_import_export_source" name="test_excel_ui_buttons_present" time="0.001" /><testcase classname="tests.test_frontend_modules_v65840" name="test_frontend_modules_are_split_and_loaded" time="0.001" /><testcase classname="tests.test_frontend_modules_v65840" name="test_playwright_suite_is_packaged" time="0.000" /><testcase classname="tests.test_input_consumption_ledger_v65837" name="test_ledger_migration_and_atomic_repository_contract" time="0.000" /><testcase classname="tests.test_input_consumption_ledger_v65837" name="test_duplicate_daily_operations_tab_removed" time="0.001" /><testcase classname="tests.test_input_session_dependency_v65823" name="test_quantity_dependency_checks_source_session_before_start" time="0.000" /><testcase classname="tests.test_input_session_dependency_v65823" name="test_same_input_source_does_not_require_source_operation_completed" time="0.000" /><testcase classname="tests.test_input_session_dependency_v65823" name="test_finish_explains_missing_source_reported_quantity" time="0.001"><failure message="assert 'chưa có sản lượng đã báo cáo' in &quot;from __future__ import annotations\nimport hashlib,secrets\nfrom datetime import date, datetime, time\nfrom decimal i...'),data.get('session_id'),int(data.get('points',0) or 0),str(data.get('reason','')),user_id)); return cur.fetchone()\n&quot;">def test_finish_explains_missing_source_reported_quantity():
&gt;       assert "chưa có sản lượng đã báo cáo" in EXECUTION
E       assert 'chưa có sản lượng đã báo cáo' in "from __future__ import annotations\nimport hashlib,secrets\nfrom datetime import date, datetime, time\nfrom decimal i...'),data.get('session_id'),int(data.get('points',0) or 0),str(data.get('reason','')),user_id)); return cur.fetchone()\n"

tests/test_input_session_dependency_v65823.py:19: AssertionError</failure></testcase><testcase classname="tests.test_input_session_dependency_v65823" name="test_kiosk_has_specific_dependency_and_quantity_codes" time="0.000" /><testcase classname="tests.test_internal_qa_cookie_contract" name="test_internal_qa_http_cookie_not_secure" time="0.003" /><testcase classname="tests.test_internal_qa_cookie_contract" name="test_public_secure_policy_retained" time="0.000" /><testcase classname="tests.test_internal_qa_login_contract" name="test_internal_qa_uses_real_password_auth_not_a_silent_bypass" time="0.003" /><testcase classname="tests.test_internal_qa_login_contract" name="test_public_global_auto_login_default_off" time="0.000" /><testcase classname="tests.test_kiosk_event_legacy_contract_v658434" name="test_kiosk_event_accepts_legacy_esp_fields" time="0.000" /><testcase classname="tests.test_kiosk_event_legacy_contract_v658434" name="test_system_logs_detail_is_inline" time="0.000" /><testcase classname="tests.test_kiosk_http_nginx_contract" name="test_kiosk_device_routes_are_proxied_on_http" time="0.000" /><testcase classname="tests.test_kiosk_http_nginx_contract" name="test_other_http_still_redirects_https" time="0.000" /><testcase classname="tests.test_kiosk_lookup_payload_json_v658433" name="test_kiosk_event_payload_is_json_serialized" time="0.000" /><testcase classname="tests.test_kiosk_lookup_payload_json_v658433" name="test_legacy_lookup_writes_scan_events" time="0.000" /><testcase classname="tests.test_kiosk_security_relaxed_contract" name="test_legacy_identity_no_longer_verifies_token" time="0.000" /><testcase classname="tests.test_kiosk_security_relaxed_contract" name="test_session_start_uses_relaxed_identity_resolver" time="0.000" /><testcase classname="tests.test_kiosk_station_management_v65817" name="test_routes_and_ui_present" time="0.001" /><testcase classname="tests.test_kiosk_token_hash_fallback_v658436" name="test_repo_can_resolve_active_identity_by_token_hash" time="0.000" /><testcase classname="tests.test_kiosk_token_hash_fallback_v658436" name="test_legacy_auth_falls_back_to_token_identity" time="0.000" /><testcase classname="tests.test_kiosk_token_identity_v658435" name="test_legacy_auth_prefers_device_uuid_and_falls_back" time="0.000" /><testcase classname="tests.test_kiosk_token_identity_v658435" name="test_connect_alias_and_stable_bind_identity" time="0.000" /><testcase classname="tests.test_local_8080_login_contract" name="test_compose_binds_loopback_only" time="0.000" /><testcase classname="tests.test_local_8080_login_contract" name="test_local_auto_login_direct_only" time="0.000" /><testcase classname="tests.test_local_8080_login_contract" name="test_public_secure_cookie_behavior_retained" time="0.000" /><testcase classname="tests.test_log_retention_v65838" name="test_retention_contract" time="0.000" /><testcase classname="tests.test_log_retention_v65838" name="test_retention_migration_and_scripts" time="0.000" /><testcase classname="tests.test_material_flow_trace_v65841" name="test_material_flow_trace_contract" time="0.000" /><testcase classname="tests.test_material_flow_trace_v65841" name="test_ledger_mutation_guards" time="0.001"><failure message="assert 'Không thể giảm sản lượng xuống dưới' in &quot;from __future__ import annotations\nfrom typing import Any\nfrom datetime import datetime\nfrom mesflow.core.time_pol...code'],'template_version':template['version'],'parts_created':len(part_map),'operations_created':len(operation_ids)}\n&quot;">def test_ledger_mutation_guards():
        repo=text('app/mesflow/db/repositories/master_data.py')
        assert 'Không thể đổi OP nguồn' in repo
&gt;       assert 'Không thể giảm sản lượng xuống dưới' in repo
E       assert 'Không thể giảm sản lượng xuống dưới' in "from __future__ import annotations\nfrom typing import Any\nfrom datetime import datetime\nfrom mesflow.core.time_pol...code'],'template_version':template['version'],'parts_created':len(part_map),'operations_created':len(operation_ids)}\n"

tests/test_material_flow_trace_v65841.py:21: AssertionError</failure></testcase><testcase classname="tests.test_material_flow_trace_v65841" name="test_material_flow_po_modal_is_real_overlay_and_complete" time="0.001" /><testcase classname="tests.test_no_sqlite" name="test_no_sqlite" time="0.000" /><testcase classname="tests.test_overview_daily_dashboard_contract" name="test_overview_page_and_api_are_wired" time="0.001" /><testcase classname="tests.test_overview_daily_dashboard_contract" name="test_daily_dashboard_keeps_explicit_date_and_shift" time="0.001" /><testcase classname="tests.test_phase4_structure" name="test_phase4_files" time="0.000" /><testcase classname="tests.test_phase4_structure" name="test_no_sqlite_phase4" time="0.001" /><testcase classname="tests.test_phase5_structure" name="test_phase5_files" time="0.000" /><testcase classname="tests.test_phase5_structure" name="test_no_sqlite_runtime" time="0.003" /><testcase classname="tests.test_po_control_v658447" name="test_po_control_backend_contract" time="0.001" /><testcase classname="tests.test_po_control_v658447" name="test_po_control_frontend_contract" time="0.002"><failure message="assert &quot;page:'po-control'&quot; in &quot;const resources={\n employees:{title:'Nhân viên',fields:['employee_no','name','department','team','position','employm...hật phân quyền')}catch(e){state.textContent=e.message||'Không lưu được phân quyền'}finally{save.disabled=false}};\n}\n&quot;">def test_po_control_frontend_contract():
        app=(ROOT/'app/mesflow/web/static/app.js').read_text()
        html=(ROOT/'app/mesflow/web/templates/app.html').read_text()
        page=(ROOT/'app/mesflow/web/static/pages/po-control.js').read_text()
&gt;       assert "page:'po-control'" in app
E       assert "page:'po-control'" in "const resources={\n employees:{title:'Nhân viên',fields:['employee_no','name','department','team','position','employm...hật phân quyền')}catch(e){state.textContent=e.message||'Không lưu được phân quyền'}finally{save.disabled=false}};\n}\n"

tests/test_po_control_v658447.py:20: AssertionError</failure></testcase><testcase classname="tests.test_po_control_v658447" name="test_version_bumped" time="0.000"><failure message="assert '65.8.44.8' in '{\n  &quot;name&quot;: &quot;MESFlow&quot;,\n  &quot;version&quot;: &quot;71.0.0.206&quot;,\n  &quot;phase&quot;: &quot;web-agent-production&quot;,\n  &quot;database&quot;: &quot;postgresql-only&quot;,\n  &quot;deployment_target&quot;: &quot;/opt/mesflow&quot;\n}\n'&#10; +  where '{\n  &quot;name&quot;: &quot;MESFlow&quot;,\n  &quot;version&quot;: &quot;71.0.0.206&quot;,\n  &quot;phase&quot;: &quot;web-agent-production&quot;,\n  &quot;database&quot;: &quot;postgresql-only&quot;,\n  &quot;deployment_target&quot;: &quot;/opt/mesflow&quot;\n}\n' = read_text()&#10; +    where read_text = (PosixPath('/workspace') / 'release.json').read_text">def test_version_bumped():
&gt;       assert '65.8.44.8' in (ROOT/'release.json').read_text()
E       assert '65.8.44.8' in '{\n  "name": "MESFlow",\n  "version": "71.0.0.206",\n  "phase": "web-agent-production",\n  "database": "postgresql-only",\n  "deployment_target": "/opt/mesflow"\n}\n'
E        +  where '{\n  "name": "MESFlow",\n  "version": "71.0.0.206",\n  "phase": "web-agent-production",\n  "database": "postgresql-only",\n  "deployment_target": "/opt/mesflow"\n}\n' = read_text()
E        +    where read_text = (PosixPath('/workspace') / 'release.json').read_text

tests/test_po_control_v658447.py:28: AssertionError</failure></testcase><testcase classname="tests.test_po_control_v658448" name="test_po_control_po_filter_and_kpi_layout" time="0.001" /><testcase classname="tests.test_po_control_v658448" name="test_runtime_versions_all_match_658448" time="0.000"><failure message="AssertionError: assert '71.0.0.206' == '65.8.44.8'&#10;  &#10;  - 65.8.44.8&#10;  + 71.0.0.206">def test_runtime_versions_all_match_658448():
        version=(ROOT/'VERSION.txt').read_text().strip()
&gt;       assert version=='65.8.44.8'
E       AssertionError: assert '71.0.0.206' == '65.8.44.8'
E         
E         - 65.8.44.8
E         + 71.0.0.206

tests/test_po_control_v658448.py:15: AssertionError</failure></testcase><testcase classname="tests.test_po_template_demo_relaxed_v6588" name="test_po_modal_uses_available_template_endpoint" time="0.001" /><testcase classname="tests.test_po_template_demo_relaxed_v6588" name="test_instantiation_does_not_auto_chain_time_dependencies" time="0.000"><failure message="assert &quot;float(op.get('standard_seconds_per_unit') or 0),None&quot; in &quot;    def instantiate(self,template_id:int,*,code:str,planned_quantity:int=0,sales_order_id=None,due_date=None,planned_...code'],'template_version':template['version'],'parts_created':len(part_map),'operations_created':len(operation_ids)}\n&quot;">def test_instantiation_does_not_auto_chain_time_dependencies():
        repo=text('app/mesflow/db/repositories/master_data.py')
        instantiate=repo[repo.index('    def instantiate('):]
        assert 'previous_by_part' not in instantiate
&gt;       assert "float(op.get('standard_seconds_per_unit') or 0),None" in instantiate
E       assert "float(op.get('standard_seconds_per_unit') or 0),None" in "    def instantiate(self,template_id:int,*,code:str,planned_quantity:int=0,sales_order_id=None,due_date=None,planned_...code'],'template_version':template['version'],'parts_created':len(part_map),'operations_created':len(operation_ids)}\n"

tests/test_po_template_demo_relaxed_v6588.py:25: AssertionError</failure></testcase><testcase classname="tests.test_po_template_demo_relaxed_v6588" name="test_demo_seed_only_uses_selected_quantity_links" time="0.000" /><testcase classname="tests.test_po_template_demo_relaxed_v6588" name="test_demo_seed_updates_old_demo_templates" time="0.000" /><testcase classname="tests.test_po_template_demo_relaxed_v6588" name="test_release_version_v6588" time="0.000" /><testcase classname="tests.test_po_template_flow_v6587" name="test_schema_links_po_to_template" time="0.000" /><testcase classname="tests.test_po_template_flow_v6587" name="test_po_create_is_template_driven" time="0.000" /><testcase classname="tests.test_po_template_flow_v6587" name="test_po_ui_requires_template_and_op_preview" time="0.001" /><testcase classname="tests.test_po_template_flow_v6587" name="test_excel_import_does_not_create_empty_po" time="0.000" /><testcase classname="tests.test_po_template_flow_v6587" name="test_release_version" time="0.000" /><testcase classname="tests.test_qr_labels_employee_contract" name="test_employee_qr_query_uses_only_stable_columns" time="0.000" /><testcase classname="tests.test_qr_labels_import_contract" name="test_qr_labels_fetch_all_is_imported" time="0.000" /><testcase classname="tests.test_qr_system_logs_hotfix_v658411" name="test_qr_page_uses_local_dom_refs_and_normalizes_response" time="0.000" /><testcase classname="tests.test_qr_system_logs_hotfix_v658411" name="test_system_logs_isolated_module_and_no_dom_id_globals" time="0.000"><failure message="assert 'refs.q.value' in &quot;async function renderSystemLogs(){\n  title.textContent='Nhật ký ứng dụng';subtitle.textContent='Theo dõi Action Log,...cument.querySelectorAll('.mf-tab').forEach(b=&gt;b.onclick=()=&gt;switchTab(b.dataset.tab));await switchTab('actions');\n}\n&quot;">def test_system_logs_isolated_module_and_no_dom_id_globals():
        js=text('app/mesflow/web/static/pages/system-logs.js')
        assert "const $=id=&gt;document.getElementById(id)" in js
&gt;       assert "refs.q.value" in js
E       assert 'refs.q.value' in "async function renderSystemLogs(){\n  title.textContent='Nhật ký ứng dụng';subtitle.textContent='Theo dõi Action Log,...cument.querySelectorAll('.mf-tab').forEach(b=&gt;b.onclick=()=&gt;switchTab(b.dataset.tab));await switchTab('actions');\n}\n"

tests/test_qr_system_logs_hotfix_v658411.py:15: AssertionError</failure></testcase><testcase classname="tests.test_qr_system_logs_hotfix_v658411" name="test_template_loads_system_logs_module" time="0.000" /><testcase classname="tests.test_recent_activity_events_v65892" name="test_recent_activity_has_start_and_quantity_events" time="0.000" /><testcase classname="tests.test_recent_activity_events_v65892" name="test_dashboard_labels_both_event_types" time="0.001" /><testcase classname="tests.test_release_contract_v6584433" name="test_agent_web_release_version_contract" time="0.000"><failure message="AssertionError: assert '71.0.0.206' == '65.8.44.33'&#10;  &#10;  - 65.8.44.33&#10;  + 71.0.0.206">def test_agent_web_release_version_contract():
&gt;       assert (ROOT/"VERSION.txt").read_text(encoding="utf-8").strip()==EXPECTED
E       AssertionError: assert '71.0.0.206' == '65.8.44.33'
E         
E         - 65.8.44.33
E         + 71.0.0.206

tests/test_release_contract_v6584433.py:7: AssertionError</failure></testcase><testcase classname="tests.test_release_contract_v6584433" name="test_package_has_required_agent_web_files" time="0.000" /><testcase classname="tests.test_release_contract_v6584433" name="test_previous_version_not_left_in_active_release_metadata" time="0.000" /><testcase classname="tests.test_release_sync_v6584428" name="test_release_version_is_exactly_synced" time="0.000"><failure message="AssertionError: assert '71.0.0.206' == '65.8.44.28'&#10;  &#10;  - 65.8.44.28&#10;  + 71.0.0.206">def test_release_version_is_exactly_synced():
&gt;       assert (ROOT/"VERSION.txt").read_text(encoding="utf-8").strip()==EXPECTED
E       AssertionError: assert '71.0.0.206' == '65.8.44.28'
E         
E         - 65.8.44.28
E         + 71.0.0.206

tests/test_release_sync_v6584428.py:7: AssertionError</failure></testcase><testcase classname="tests.test_release_sync_v6584428" name="test_no_previous_runtime_version_left_in_active_package" time="0.000" /><testcase classname="tests.test_release_sync_v6584429" name="test_version_sync" time="0.000"><failure message="AssertionError: assert '71.0.0.206' == '65.8.44.29'&#10;  &#10;  - 65.8.44.29&#10;  + 71.0.0.206">def test_version_sync():
&gt;       assert (ROOT/"VERSION.txt").read_text().strip()==EXPECTED
E       AssertionError: assert '71.0.0.206' == '65.8.44.29'
E         
E         - 65.8.44.29
E         + 71.0.0.206

tests/test_release_sync_v6584429.py:6: AssertionError</failure></testcase><testcase classname="tests.test_release_version_v6555" name="test_all_runtime_version_sources_are_current" time="0.000" /><testcase classname="tests.test_repair_backlog_v6584422" name="test_repairable_is_pending_not_completed" time="0.000" /><testcase classname="tests.test_repair_backlog_v6584422" name="test_workload_uses_explicit_repair_standard" time="0.000" /><testcase classname="tests.test_repair_backlog_v6584422" name="test_offline_retry_keeps_backlog_idempotent" time="0.000" /><testcase classname="tests.test_repair_backlog_v6584422" name="test_quantity_examples" time="0.000" /><testcase classname="tests.test_rework_visibility_v658444" name="test_overview_rework_visible" time="0.000" /><testcase classname="tests.test_rework_visibility_v658444" name="test_daily_rework_visible" time="0.001" /><testcase classname="tests.test_rework_visibility_v658444" name="test_kiosk_rework_hint_visible" time="0.000" /><testcase classname="tests.test_scanner_errors_timezone_v6589" name="test_version" time="0.000" /><testcase classname="tests.test_scanner_errors_timezone_v6589" name="test_kiosk_error_codes_and_help" time="0.000" /><testcase classname="tests.test_scanner_errors_timezone_v6589" name="test_hcm_timezone_is_explicit" time="0.001" /><testcase classname="tests.test_session_exception_regressions" name="test_exception_query_avoids_reserved_overlaps_cte_name" time="0.000" /><testcase classname="tests.test_session_exception_regressions" name="test_exception_page_defines_its_element_lookup_locally" time="0.000" /><testcase classname="tests.test_shift_autodetect_v658445" name="test_current_shift_autodetect_present" time="0.000" /><testcase classname="tests.test_shift_autodetect_v658445" name="test_shift_picker_is_prominent" time="0.002"><failure message="assert 'CA HIỆN TẠI' in &quot;const resources={\n employees:{title:'Nhân viên',fields:['employee_no','name','department','team','position','employm...hật phân quyền')}catch(e){state.textContent=e.message||'Không lưu được phân quyền'}finally{save.disabled=false}};\n}\n&quot;">def test_shift_picker_is_prominent():
        assert 'shift-picker' in JS
&gt;       assert 'CA HIỆN TẠI' in JS
E       assert 'CA HIỆN TẠI' in "const resources={\n employees:{title:'Nhân viên',fields:['employee_no','name','department','team','position','employm...hật phân quyền')}catch(e){state.textContent=e.message||'Không lưu được phân quyền'}finally{save.disabled=false}};\n}\n"

tests/test_shift_autodetect_v658445.py:14: AssertionError</failure></testcase><testcase classname="tests.test_shift_autodetect_v658445" name="test_current_shift_selected_on_initial_render" time="0.000" /><testcase classname="tests.test_system_log_center_v65842" name="test_routes_and_ui" time="0.001"><failure message="assert 'Lịch sử Retention' in &quot;async function renderSystemLogs(){\n  title.textContent='Nhật ký ứng dụng';subtitle.textContent='Theo dõi Action Log,...cument.querySelectorAll('.mf-tab').forEach(b=&gt;b.onclick=()=&gt;switchTab(b.dataset.tab));await switchTab('actions');\n}\n&quot;">def test_routes_and_ui():
     p=(ROOT/'app/mesflow/web/action_logging.py').read_text();j=(ROOT/'app/mesflow/web/static/pages/system-logs.js').read_text()
     for x in ['/error-traces','/error-traces/stats','/log-retention/runs']: assert x in p
&gt;    for x in ['Action Log','Error Trace','Lịch sử Retention','Traceback server']: assert x in j
                                                                                   ^^^^^^^^^^^^^
E    assert 'Lịch sử Retention' in "async function renderSystemLogs(){\n  title.textContent='Nhật ký ứng dụng';subtitle.textContent='Theo dõi Action Log,...cument.querySelectorAll('.mf-tab').forEach(b=&gt;b.onclick=()=&gt;switchTab(b.dataset.tab));await switchTab('actions');\n}\n"

tests/test_system_log_center_v65842.py:6: AssertionError</failure></testcase><testcase classname="tests.test_system_log_center_v65842" name="test_version" time="0.000"><failure message="AssertionError: assert '71.0.0.206' == '65.8.42'&#10;  &#10;  - 65.8.42&#10;  + 71.0.0.206">&gt;   def test_version(): assert (ROOT/'VERSION.txt').read_text().strip()=='65.8.42'
                        ^^^^^^^^^^^^^^^^^^^^^^^^^^^^^^^^^^^^^^^^^^^^^^^^^^^^^^^^^^
E   AssertionError: assert '71.0.0.206' == '65.8.42'
E     
E     - 65.8.42
E     + 71.0.0.206

tests/test_system_log_center_v65842.py:7: AssertionError</failure></testcase><testcase classname="tests.test_template_create_real" name="test_post_templates_creates_and_returns_item" time="0.071" /><testcase classname="tests.test_template_create_real" name="test_template_screen_has_visible_create_form" time="0.002"><failure message="assert 'Cấu trúc sản phẩm' in &quot;const resources={\n employees:{title:'Nhân viên',fields:['employee_no','name','department','team','position','employm...hật phân quyền')}catch(e){state.textContent=e.message||'Không lưu được phân quyền'}finally{save.disabled=false}};\n}\n&quot;">def test_template_screen_has_visible_create_form():
        js = open('app/mesflow/web/static/app.js', encoding='utf-8').read()
        assert 'newTemplateOld' in js
        assert 'id="tplCode"' in js
        assert 'id="tplName"' in js
        assert "api('/api/templates',{method:'POST'" in js
        assert 'Template mới' in js
&gt;       assert 'Cấu trúc sản phẩm' in js
E       assert 'Cấu trúc sản phẩm' in "const resources={\n employees:{title:'Nhân viên',fields:['employee_no','name','department','team','position','employm...hật phân quyền')}catch(e){state.textContent=e.message||'Không lưu được phân quyền'}finally{save.disabled=false}};\n}\n"

tests/test_template_create_real.py:70: AssertionError</failure></testcase><testcase classname="tests.test_template_part_ui_v6557" name="test_visible_add_part_action_exists" time="0.000" /><testcase classname="tests.test_template_part_ui_v6557" name="test_part_is_saved_to_template_tree_api" time="0.000" /><testcase classname="tests.test_template_ui_v6555" name="test_template_crud_ui_present" time="0.002"><failure message="assert '+ Template mới' in &quot;const resources={\n employees:{title:'Nhân viên',fields:['employee_no','name','department','team','position','employm...hật phân quyền')}catch(e){state.textContent=e.message||'Không lưu được phân quyền'}finally{save.disabled=false}};\n}\n&quot;">def test_template_crud_ui_present():
        for text in ('+ Template mới','newTemplateOld','saveTemplateOld','cloneTemplateOld','tplDelete'):
&gt;           assert text in JS
E           assert '+ Template mới' in "const resources={\n employees:{title:'Nhân viên',fields:['employee_no','name','department','team','position','employm...hật phân quyền')}catch(e){state.textContent=e.message||'Không lưu được phân quyền'}finally{save.disabled=false}};\n}\n"

tests/test_template_ui_v6555.py:10: AssertionError</failure></testcase><testcase classname="tests.test_template_ui_v6555" name="test_template_tree_ui_supports_part_operation_equipment_crud" time="0.001" /><testcase classname="tests.test_template_ui_v6555" name="test_template_instantiate_uses_full_modal" time="0.000" /><testcase classname="tests.test_template_ui_v6555" name="test_template_repository_validates_payload" time="0.000" /><testcase classname="tests.test_user_management_v65812" name="test_user_management_sources" time="0.001" /><testcase classname="tests.test_v6584430_progress_video" name="test_release_sync" time="0.000"><failure message="AssertionError: assert '71.0.0.206' == '65.8.44.30'&#10;  &#10;  - 65.8.44.30&#10;  + 71.0.0.206">def test_release_sync():
&gt;       assert (ROOT/"VERSION.txt").read_text().strip()==EXPECTED
E       AssertionError: assert '71.0.0.206' == '65.8.44.30'
E         
E         - 65.8.44.30
E         + 71.0.0.206

tests/test_v6584430_progress_video.py:7: AssertionError</failure></testcase><testcase classname="tests.test_v6584430_progress_video" name="test_time_and_product_are_visually_distinct" time="0.001" /><testcase classname="tests.test_v6584430_progress_video" name="test_tutorial_helpers_packaged" time="0.000" /><testcase classname="tests.test_v6584431_production_hardening" name="test_release_sync" time="0.001"><failure message="AssertionError: assert '71.0.0.206' == '65.8.44.31'&#10;  &#10;  - 65.8.44.31&#10;  + 71.0.0.206">def test_release_sync():
&gt;       assert (ROOT/"VERSION.txt").read_text().strip()==EXPECTED
E       AssertionError: assert '71.0.0.206' == '65.8.44.31'
E         
E         - 65.8.44.31
E         + 71.0.0.206

tests/test_v6584431_production_hardening.py:7: AssertionError</failure></testcase><testcase classname="tests.test_v6584431_production_hardening" name="test_auto_login_fail_closed" time="0.007" /><testcase classname="tests.test_v6584431_production_hardening" name="test_sensitive_diagnostics_require_admin" time="0.000" /><testcase classname="tests.test_v6584431_production_hardening" name="test_no_insecure_compose_password_fallback" time="0.000" /><testcase classname="tests.test_v6584431_production_hardening" name="test_tutorial_uses_password_login" time="0.000" /><testcase classname="tests.test_v6584431_production_hardening" name="test_playwright_patched" time="0.000" /><testcase classname="tests.test_v6584432_rbac" name="test_release_sync" time="0.000"><failure message="AssertionError: assert '71.0.0.206' == '65.8.44.32'&#10;  &#10;  - 65.8.44.32&#10;  + 71.0.0.206">def test_release_sync():
&gt;       assert (ROOT/'VERSION.txt').read_text().strip()==EXPECTED
E       AssertionError: assert '71.0.0.206' == '65.8.44.32'
E         
E         - 65.8.44.32
E         + 71.0.0.206

tests/test_v6584432_rbac.py:7: AssertionError</failure></testcase><testcase classname="tests.test_v6584432_rbac" name="test_migration_is_additive_and_chained" time="0.001" /><testcase classname="tests.test_v6584432_rbac" name="test_admin_full_and_roles_seeded" time="0.000" /><testcase classname="tests.test_v6584432_rbac" name="test_backend_has_permission_enforcement" time="0.001" /><testcase classname="tests.test_v6584432_rbac" name="test_frontend_filters_tabs_and_has_matrix" time="0.001" /><testcase classname="tests.test_v6584432_rbac" name="test_default_users_are_opt_in_no_hardcoded_password" time="0.000" /><testcase classname="tests.test_v6584434_detailed_tutorials" name="test_release_sync" time="0.000"><failure message="AssertionError: assert '71.0.0.206' == '65.8.44.34'&#10;  &#10;  - 65.8.44.34&#10;  + 71.0.0.206">def test_release_sync():
&gt;       assert (ROOT/"VERSION.txt").read_text().strip()==EXPECTED
E       AssertionError: assert '71.0.0.206' == '65.8.44.34'
E         
E         - 65.8.44.34
E         + 71.0.0.206

tests/test_v6584434_detailed_tutorials.py:7: AssertionError</failure></testcase><testcase classname="tests.test_v6584434_detailed_tutorials" name="test_detailed_video_modules_present" time="0.000" /><testcase classname="tests.test_v6584434_detailed_tutorials" name="test_linux_runner_uses_writable_home_workspace" time="0.000" /><testcase classname="tests.test_v6584434_detailed_tutorials" name="test_kiosk_video_is_non_mutating" time="0.000"><failure message="assert &quot;page.goto('/kiosk')&quot; in &quot;kioskUser: async page=&gt;{\n    // Nếu một lần quay trước bị ngắt, chỉ dọn phiên mở của nhân viên tutorial.\n    const ...ếu có xung đột, quản lý kiểm tra tại màn hình Quản lý trạm thao tác trước khi yêu cầu nhập lại.',LONG_WAIT);\n  },\n  &quot;">def test_kiosk_video_is_non_mutating():
        spec=(ROOT/"tests"/"e2e"/"tutorial-detailed.spec.js").read_text()
        kiosk=spec[spec.index("kioskUser:"):spec.index("calendar:")]
&gt;       assert "page.goto('/kiosk')" in kiosk
E       assert "page.goto('/kiosk')" in "kioskUser: async page=&gt;{\n    // Nếu một lần quay trước bị ngắt, chỉ dọn phiên mở của nhân viên tutorial.\n    const ...ếu có xung đột, quản lý kiểm tra tại màn hình Quản lý trạm thao tác trước khi yêu cầu nhập lại.',LONG_WAIT);\n  },\n  "

tests/test_v6584434_detailed_tutorials.py:27: AssertionError</failure></testcase><testcase classname="tests.test_v6584435_video_timeout_fix" name="test_release_sync" time="0.000"><failure message="AssertionError: assert '71.0.0.206' == '65.8.44.35'&#10;  &#10;  - 65.8.44.35&#10;  + 71.0.0.206">def test_release_sync():
&gt;       assert (ROOT/"VERSION.txt").read_text().strip()==EXPECTED
E       AssertionError: assert '71.0.0.206' == '65.8.44.35'
E         
E         - 65.8.44.35
E         + 71.0.0.206

tests/test_v6584435_video_timeout_fix.py:7: AssertionError</failure></testcase><testcase classname="tests.test_v6584435_video_timeout_fix" name="test_note_does_not_use_actionability_scroll" time="0.000" /><testcase classname="tests.test_v6584435_video_timeout_fix" name="test_batch_runner_continues_after_module_failure" time="0.000" /><testcase classname="tests.test_v6584435_video_timeout_fix" name="test_timeout_is_bounded" time="0.000" /><testcase classname="tests.test_v6584436_video_pacing_defaults" name="test_release" time="0.000"><failure message="AssertionError: assert '71.0.0.206' == '65.8.44.36'&#10;  &#10;  - 65.8.44.36&#10;  + 71.0.0.206">def test_release():
&gt;    assert (R/"VERSION.txt").read_text().strip()=="65.8.44.36"
E    AssertionError: assert '71.0.0.206' == '65.8.44.36'
E      
E      - 65.8.44.36
E      + 71.0.0.206

tests/test_v6584436_video_pacing_defaults.py:5: AssertionError</failure></testcase><testcase classname="tests.test_v6584436_video_pacing_defaults" name="test_pacing_all_entrypoints" time="0.000" /><testcase classname="tests.test_v6584436_video_pacing_defaults" name="test_timeout_fix_preserved" time="0.000" /><testcase classname="tests.test_v6584436_video_pacing_defaults" name="test_batch_retry_preserved" time="0.000" /><testcase classname="tests.test_v6584437_voice_intro" name="test_release" time="0.000"><failure message="AssertionError: assert '71.0.0.206' == '65.8.44.37'&#10;  &#10;  - 65.8.44.37&#10;  + 71.0.0.206">def test_release():
&gt;    assert (R/"VERSION.txt").read_text().strip()=="65.8.44.37"
E    AssertionError: assert '71.0.0.206' == '65.8.44.37'
E      
E      - 65.8.44.37
E      + 71.0.0.206

tests/test_v6584437_voice_intro.py:5: AssertionError</failure></testcase><testcase classname="tests.test_v6584437_voice_intro" name="test_narration_all_modules" time="0.001" /><testcase classname="tests.test_v6584437_voice_intro" name="test_audio_pipeline" time="0.000" /><testcase classname="tests.test_v6584437_voice_intro" name="test_batch_auto_voice" time="0.000" /><testcase classname="tests.test_v6584438_tutorial_library" name="test_release_sync" time="0.000"><failure message="AssertionError: assert '71.0.0.206' == '65.8.44.38'&#10;  &#10;  - 65.8.44.38&#10;  + 71.0.0.206">def test_release_sync():
&gt;    assert (R/"VERSION.txt").read_text().strip()==EXPECTED
E    AssertionError: assert '71.0.0.206' == '65.8.44.38'
E      
E      - 65.8.44.38
E      + 71.0.0.206

tests/test_v6584438_tutorial_library.py:7: AssertionError</failure></testcase><testcase classname="tests.test_v6584438_tutorial_library" name="test_persistent_mount" time="0.000" /><testcase classname="tests.test_v6584438_tutorial_library" name="test_backend_manifest_and_video_are_authenticated" time="0.004" /><testcase classname="tests.test_v6584438_tutorial_library" name="test_frontend_tutorial_tab" time="0.002"><failure message="assert 'Hướng dẫn sử dụng' in &quot;const resources={\n employees:{title:'Nhân viên',fields:['employee_no','name','department','team','position','employm...hật phân quyền')}catch(e){state.textContent=e.message||'Không lưu được phân quyền'}finally{save.disabled=false}};\n}\n&quot;">def test_frontend_tutorial_tab():
     s=(R/"app/mesflow/web/static/app.js").read_text()
&gt;    assert "Hướng dẫn sử dụng" in s
E    assert 'Hướng dẫn sử dụng' in "const resources={\n employees:{title:'Nhân viên',fields:['employee_no','name','department','team','position','employm...hật phân quyền')}catch(e){state.textContent=e.message||'Không lưu được phân quyền'}finally{save.disabled=false}};\n}\n"

tests/test_v6584438_tutorial_library.py:27: AssertionError</failure></testcase><testcase classname="tests.test_v6584438_tutorial_library" name="test_publish_contract" time="0.000" /><testcase classname="tests.test_v6584438_tutorial_library" name="test_setup_uses_pipx_not_break_system_python" time="0.000" /><testcase classname="tests.test_v6584439_tutorial_dataset" name="test_release_sync" time="0.000"><failure message="AssertionError: assert '71.0.0.206' == '65.8.44.39'&#10;  &#10;  - 65.8.44.39&#10;  + 71.0.0.206">def test_release_sync():
&gt;    assert (R/"VERSION.txt").read_text().strip()==EXPECTED
E    AssertionError: assert '71.0.0.206' == '65.8.44.39'
E      
E      - 65.8.44.39
E      + 71.0.0.206

tests/test_v6584439_tutorial_dataset.py:7: AssertionError</failure></testcase><testcase classname="tests.test_v6584439_tutorial_dataset" name="test_dataset_module_is_guarded_and_prefix_scoped" time="0.003" /><testcase classname="tests.test_v6584439_tutorial_dataset" name="test_dataset_covers_key_exception_and_kiosk_cases" time="0.000" /><testcase classname="tests.test_v6584439_tutorial_dataset" name="test_exception_video_demonstrates_workflow" time="0.000" /><testcase classname="tests.test_v6584439_tutorial_dataset" name="test_common_cases_video_and_publish" time="0.000" /><testcase classname="tests.test_v6584439_tutorial_dataset" name="test_seed_not_default" time="0.000" /><testcase classname="tests.test_v6584440_voice_ffmpeg_fix" name="test_version" time="0.000"><failure message="AssertionError: assert '71.0.0.206' == '65.8.44.40'&#10;  &#10;  - 65.8.44.40&#10;  + 71.0.0.206">def test_version():
&gt;    assert (R/"VERSION.txt").read_text().strip()==EXPECTED
E    AssertionError: assert '71.0.0.206' == '65.8.44.40'
E      
E      - 65.8.44.40
E      + 71.0.0.206

tests/test_v6584440_voice_ffmpeg_fix.py:5: AssertionError</failure></testcase><testcase classname="tests.test_v6584440_voice_ffmpeg_fix" name="test_no_illegal_filter_mix" time="0.000" /><testcase classname="tests.test_v6584440_voice_ffmpeg_fix" name="test_no_double_delay" time="0.000" /><testcase classname="tests.test_v6584440_voice_ffmpeg_fix" name="test_duration_extension" time="0.000" /><testcase classname="tests.test_v6584441_tutorial_schema_fix" name="test_release_sync" time="0.000"><failure message="AssertionError: assert '71.0.0.206' == '65.8.44.41'&#10;  &#10;  - 65.8.44.41&#10;  + 71.0.0.206">def test_release_sync():
&gt;    assert (R/"VERSION.txt").read_text().strip()==EXPECTED
E    AssertionError: assert '71.0.0.206' == '65.8.44.41'
E      
E      - 65.8.44.41
E      + 71.0.0.206

tests/test_v6584441_tutorial_schema_fix.py:6: AssertionError</failure></testcase><testcase classname="tests.test_v6584441_tutorial_schema_fix" name="test_no_legacy_plan_qty_in_inserts" time="0.003" /><testcase classname="tests.test_v6584441_tutorial_schema_fix" name="test_current_status_names" time="0.000" /><testcase classname="tests.test_v6584441_tutorial_schema_fix" name="test_schema_preflight" time="0.000" /><testcase classname="tests.test_v6584441_tutorial_schema_fix" name="test_0012_is_source_of_truth" time="0.000" /><testcase classname="tests.test_v6584441_tutorial_schema_fix" name="test_preparer_shows_revision" time="0.000" /><testcase classname="tests.test_v6584442_tutorial_publish_stability" name="test_release_sync" time="0.000"><failure message="AssertionError: assert '71.0.0.206' == '65.8.44.42'&#10;  &#10;  - 65.8.44.42&#10;  + 71.0.0.206">def test_release_sync():
&gt;    assert (R/"VERSION.txt").read_text().strip()==EXPECTED
E    AssertionError: assert '71.0.0.206' == '65.8.44.42'
E      
E      - 65.8.44.42
E      + 71.0.0.206

tests/test_v6584442_tutorial_publish_stability.py:5: AssertionError</failure></testcase><testcase classname="tests.test_v6584442_tutorial_publish_stability" name="test_publish_after_voice" time="0.000" /><testcase classname="tests.test_v6584442_tutorial_publish_stability" name="test_publisher_order" time="0.000" /><testcase classname="tests.test_v6584442_tutorial_publish_stability" name="test_atomic_manifest" time="0.000" /><testcase classname="tests.test_v6584442_tutorial_publish_stability" name="test_repair_script" time="0.000" /><testcase classname="tests.test_v6584442_tutorial_publish_stability" name="test_setup_2775" time="0.000" /><testcase classname="tests.test_v6584443_vietnamese_tutorial" name="test_version" time="0.000"><failure message="AssertionError: assert '71.0.0.206' == '65.8.44.43'&#10;  &#10;  - 65.8.44.43&#10;  + 71.0.0.206">&gt;   def test_version(): assert (R/"VERSION.txt").read_text().strip()=="65.8.44.43"
                        ^^^^^^^^^^^^^^^^^^^^^^^^^^^^^^^^^^^^^^^^^^^^^^^^^^^^^^^^^^
E   AssertionError: assert '71.0.0.206' == '65.8.44.43'
E     
E     - 65.8.44.43
E     + 71.0.0.206

tests/test_v6584443_vietnamese_tutorial.py:3: AssertionError</failure></testcase><testcase classname="tests.test_v6584443_vietnamese_tutorial" name="test_exception_voice" time="0.000" /><testcase classname="tests.test_v6584443_vietnamese_tutorial" name="test_core_english_removed_from_voice" time="0.001" /><testcase classname="tests.test_v6584443_vietnamese_tutorial" name="test_glossary" time="0.000" /><testcase classname="tests.test_v6584444_kiosk_full_tutorial" name="test_version" time="0.000"><failure message="AssertionError: assert '71.0.0.206' == '65.8.44.44'&#10;  &#10;  - 65.8.44.44&#10;  + 71.0.0.206">def test_version():
&gt;    assert (R/"VERSION.txt").read_text().strip()==E
E    AssertionError: assert '71.0.0.206' == '65.8.44.44'
E      
E      - 65.8.44.44
E      + 71.0.0.206

tests/test_v6584444_kiosk_full_tutorial.py:6: AssertionError</failure></testcase><testcase classname="tests.test_v6584444_kiosk_full_tutorial" name="test_tutorial_mode" time="0.000" /><testcase classname="tests.test_v6584444_kiosk_full_tutorial" name="test_all_kiosk_screens_are_walked" time="0.000" /><testcase classname="tests.test_v6584444_kiosk_full_tutorial" name="test_only_tutorial_records_selected" time="0.000" /><testcase classname="tests.test_v6584444_kiosk_full_tutorial" name="test_visible_labels_vietnamese" time="0.000" /><testcase classname="tests.test_v6584445_tutorial_shared_auth" name="test_version" time="0.000"><failure message="AssertionError: assert '71.0.0.206' == '65.8.44.45'&#10;  &#10;  - 65.8.44.45&#10;  + 71.0.0.206">def test_version():
&gt;    assert (R/"VERSION.txt").read_text().strip()==E
E    AssertionError: assert '71.0.0.206' == '65.8.44.45'
E      
E      - 65.8.44.45
E      + 71.0.0.206

tests/test_v6584445_tutorial_shared_auth.py:7: AssertionError</failure></testcase><testcase classname="tests.test_v6584445_tutorial_shared_auth" name="test_shared_auth_state_created_once" time="0.000" /><testcase classname="tests.test_v6584445_tutorial_shared_auth" name="test_playwright_loads_storage_state" time="0.000" /><testcase classname="tests.test_v6584445_tutorial_shared_auth" name="test_tour_reuses_existing_session" time="0.000" /><testcase classname="tests.test_v6584445_tutorial_shared_auth" name="test_auth_helper_retries_429" time="0.000" /><testcase classname="tests.test_v6584445_tutorial_shared_auth" name="test_publish_metadata_is_user_friendly" time="0.000" /><testcase classname="tests.test_v6584446_help_last_night_midnight" name="test_version" time="0.000"><failure message="AssertionError: assert '71.0.0.206' == '65.8.44.46'&#10;  &#10;  - 65.8.44.46&#10;  + 71.0.0.206">def test_version():
&gt;       assert (R/"VERSION.txt").read_text().strip()=="65.8.44.46"
E       AssertionError: assert '71.0.0.206' == '65.8.44.46'
E         
E         - 65.8.44.46
E         + 71.0.0.206

tests/test_v6584446_help_last_night_midnight.py:7: AssertionError</failure></testcase><testcase classname="tests.test_v6584446_help_last_night_midnight" name="test_tutorial_is_last_menu_item" time="0.001"><failure message="assert -1 &gt; 1412&#10; +  where -1 = &lt;built-in method rfind of str object at 0x5c403007e6d0&gt;('Hướng dẫn sử dụng')&#10; +    where &lt;built-in method rfind of str object at 0x5c403007e6d0&gt; = &quot;const menu=[\n  {label:'Tổng quan sản xuất',page:'overview'},\n  {label:'Dashboard theo ngày',page:'dashboard'},\n  {...-calendar',label:'Lịch làm việc',hint:'Ca làm và thời gian nghỉ'}\n  ]},\n  {label:'Hướng dẫn',page:'tutorials'}\n];\n&quot;.rfind&#10; +  and   1412 = &lt;built-in method rfind of str object at 0x5c403007e6d0&gt;('Hệ thống')&#10; +    where &lt;built-in method rfind of str object at 0x5c403007e6d0&gt; = &quot;const menu=[\n  {label:'Tổng quan sản xuất',page:'overview'},\n  {label:'Dashboard theo ngày',page:'dashboard'},\n  {...-calendar',label:'Lịch làm việc',hint:'Ca làm và thời gian nghỉ'}\n  ]},\n  {label:'Hướng dẫn',page:'tutorials'}\n];\n&quot;.rfind">def test_tutorial_is_last_menu_item():
        s=(R/"app/mesflow/web/static/app.js").read_text()
        block=s[s.index("const menu=["):s.index("const nav=")]
&gt;       assert block.rfind("Hướng dẫn sử dụng") &gt; block.rfind("Hệ thống")
E       assert -1 &gt; 1412
E        +  where -1 = &lt;built-in method rfind of str object at 0x5c403007e6d0&gt;('Hướng dẫn sử dụng')
E        +    where &lt;built-in method rfind of str object at 0x5c403007e6d0&gt; = "const menu=[\n  {label:'Tổng quan sản xuất',page:'overview'},\n  {label:'Dashboard theo ngày',page:'dashboard'},\n  {...-calendar',label:'Lịch làm việc',hint:'Ca làm và thời gian nghỉ'}\n  ]},\n  {label:'Hướng dẫn',page:'tutorials'}\n];\n".rfind
E        +  and   1412 = &lt;built-in method rfind of str object at 0x5c403007e6d0&gt;('Hệ thống')
E        +    where &lt;built-in method rfind of str object at 0x5c403007e6d0&gt; = "const menu=[\n  {label:'Tổng quan sản xuất',page:'overview'},\n  {label:'Dashboard theo ngày',page:'dashboard'},\n  {...-calendar',label:'Lịch làm việc',hint:'Ca làm và thời gian nghỉ'}\n  ]},\n  {label:'Hướng dẫn',page:'tutorials'}\n];\n".rfind

tests/test_v6584446_help_last_night_midnight.py:13: AssertionError</failure></testcase><testcase classname="tests.test_v6584446_help_last_night_midnight" name="test_night_default_ends_at_midnight_not_cross_day" time="0.000" /><testcase classname="tests.test_v6584446_help_last_night_midnight" name="test_ui_midnight_is_end_of_day" time="0.001" /><testcase classname="tests.test_v6584446_help_last_night_midnight" name="test_migration_only_targets_legacy_default" time="0.000" /><testcase classname="tests.test_v6584447_tutorial_cleanup_fk" name="test_version_sync" time="0.000"><failure message="AssertionError: assert '71.0.0.206' == '65.8.44.47'&#10;  &#10;  - 65.8.44.47&#10;  + 71.0.0.206">def test_version_sync():
&gt;       assert (R/"VERSION.txt").read_text().strip()==E
E       AssertionError: assert '71.0.0.206' == '65.8.44.47'
E         
E         - 65.8.44.47
E         + 71.0.0.206

tests/test_v6584447_tutorial_cleanup_fk.py:7: AssertionError</failure></testcase><testcase classname="tests.test_v6584447_tutorial_cleanup_fk" name="test_tutorial_data_syntax" time="0.003" /><testcase classname="tests.test_v6584447_tutorial_cleanup_fk" name="test_cleanup_matches_sessions_by_tutorial_operation" time="0.000" /><testcase classname="tests.test_v6584447_tutorial_cleanup_fk" name="test_sessions_deleted_before_operations" time="0.000" /><testcase classname="tests.test_v6584447_tutorial_cleanup_fk" name="test_restrict_children_deleted_before_operations" time="0.000" /><testcase classname="tests.test_v6584448_kiosk_tutorial_demo_fallback" name="test_version" time="0.000"><failure message="AssertionError: assert '71.0.0.206' == '65.8.44.48'&#10;  &#10;  - 65.8.44.48&#10;  + 71.0.0.206">def test_version():
&gt;       assert (R/"VERSION.txt").read_text().strip()==E
E       AssertionError: assert '71.0.0.206' == '65.8.44.48'
E         
E         - 65.8.44.48
E         + 71.0.0.206

tests/test_v6584448_kiosk_tutorial_demo_fallback.py:7: AssertionError</failure></testcase><testcase classname="tests.test_v6584448_kiosk_tutorial_demo_fallback" name="test_tutorial_demo_fallback_exists" time="0.000" /><testcase classname="tests.test_v6584448_kiosk_tutorial_demo_fallback" name="test_fallback_only_in_tutorial_mode" time="0.000" /><testcase classname="tests.test_v6584448_kiosk_tutorial_demo_fallback" name="test_demo_api_has_tutorial_timeout" time="0.000" /><testcase classname="tests.test_v6584448_kiosk_tutorial_demo_fallback" name="test_tutorial_waits_for_open_panel" time="0.000"><failure message="assert '#demo-panel' in &quot;kioskUser: async page=&gt;{\n    // Nếu một lần quay trước bị ngắt, chỉ dọn phiên mở của nhân viên tutorial.\n    const ...ếu có xung đột, quản lý kiểm tra tại màn hình Quản lý trạm thao tác trước khi yêu cầu nhập lại.',LONG_WAIT);\n  },\n  &quot;">def test_tutorial_waits_for_open_panel():
        s=(R/"tests/e2e/tutorial-detailed.spec.js").read_text()
        block=s[s.index("kioskUser: async page=&gt;"):s.index("calendar: async page=&gt;")]
&gt;       assert "#demo-panel" in block
E       assert '#demo-panel' in "kioskUser: async page=&gt;{\n    // Nếu một lần quay trước bị ngắt, chỉ dọn phiên mở của nhân viên tutorial.\n    const ...ếu có xung đột, quản lý kiểm tra tại màn hình Quản lý trạm thao tác trước khi yêu cầu nhập lại.',LONG_WAIT);\n  },\n  "

tests/test_v6584448_kiosk_tutorial_demo_fallback.py:33: AssertionError</failure></testcase><testcase classname="tests.test_v6584449_kiosk_tutorial_open_api" name="test_version" time="0.000"><failure message="AssertionError: assert '71.0.0.206' == '65.8.44.49'&#10;  &#10;  - 65.8.44.49&#10;  + 71.0.0.206">def test_version():
&gt;       assert (R/"VERSION.txt").read_text().strip()==E
E       AssertionError: assert '71.0.0.206' == '65.8.44.49'
E         
E         - 65.8.44.49
E         + 71.0.0.206

tests/test_v6584449_kiosk_tutorial_open_api.py:7: AssertionError</failure></testcase><testcase classname="tests.test_v6584449_kiosk_tutorial_open_api" name="test_kiosk_exports_demo_api" time="0.000" /><testcase classname="tests.test_v6584449_kiosk_tutorial_open_api" name="test_normal_button_listener_still_exists" time="0.000" /><testcase classname="tests.test_v6584449_kiosk_tutorial_open_api" name="test_tutorial_uses_stable_open_helper" time="0.000" /><testcase classname="tests.test_v6584449_kiosk_tutorial_open_api" name="test_helper_has_dom_fallback" time="0.000" /><testcase classname="tests.test_v6584450_session_exception_workflow" name="test_version" time="0.000"><failure message="AssertionError: assert '71.0.0.206' == '65.8.44.50'&#10;  &#10;  - 65.8.44.50&#10;  + 71.0.0.206">def test_version():
&gt;       assert (R/"VERSION.txt").read_text().strip()==E
E       AssertionError: assert '71.0.0.206' == '65.8.44.50'
E         
E         - 65.8.44.50
E         + 71.0.0.206

tests/test_v6584450_session_exception_workflow.py:7: AssertionError</failure></testcase><testcase classname="tests.test_v6584450_session_exception_workflow" name="test_exception_history_survives_correction" time="0.001" /><testcase classname="tests.test_v6584450_session_exception_workflow" name="test_compact_master_detail_ui" time="0.000" /><testcase classname="tests.test_v6584450_session_exception_workflow" name="test_real_session_fix_is_part_of_workflow" time="0.000" /><testcase classname="tests.test_v6584450_session_exception_workflow" name="test_session_management_focus_and_back" time="0.001"><failure message="assert 'expandedSessionId=target' in &quot;async function renderSessionManagement(){\n  if(dashboardTimer){clearInterval(dashboardTimer);dashboardTimer=null}\n ...Status').value=query.get('status')||'';el('smSearch').value=query.get('q')||'';\n  await loadSessions(false);\n}\n\n\n&quot;">def test_session_management_focus_and_back():
        s=(R/"app/mesflow/web/static/app.js").read_text()
        block=s[s.index("async function renderSessionManagement"):s.index("async function renderRolePermissions")]
        assert "MESFLOW_SESSION_EXCEPTION_CONTEXT" in block
        assert "smBackException" in block
&gt;       assert "expandedSessionId=target" in block
E       assert 'expandedSessionId=target' in "async function renderSessionManagement(){\n  if(dashboardTimer){clearInterval(dashboardTimer);dashboardTimer=null}\n ...Status').value=query.get('status')||'';el('smSearch').value=query.get('q')||'';\n  await loadSessions(false);\n}\n\n\n"

tests/test_v6584450_session_exception_workflow.py:39: AssertionError</failure></testcase><testcase classname="tests.test_v6584450_session_exception_workflow" name="test_css_limits_queue_height" time="0.001" /><testcase classname="tests.test_v6584451_receive_exception_ui" name="test_version" time="0.000"><failure message="AssertionError: assert '71.0.0.206' == '65.8.44.51'&#10;  &#10;  - 65.8.44.51&#10;  + 71.0.0.206">def test_version():
&gt;    assert (R/"VERSION.txt").read_text().strip()==E
E    AssertionError: assert '71.0.0.206' == '65.8.44.51'
E      
E      - 65.8.44.51
E      + 71.0.0.206

tests/test_v6584451_receive_exception_ui.py:7: AssertionError</failure></testcase><testcase classname="tests.test_v6584451_receive_exception_ui" name="test_receive_modal_is_action_focused" time="0.000" /><testcase classname="tests.test_v6584451_receive_exception_ui" name="test_receive_defaults_to_current_user" time="0.000" /><testcase classname="tests.test_v6584451_receive_exception_ui" name="test_claim_and_open_deeplinks_session" time="0.001"><failure message="assert 'Đã nhận xử lý. Đang mở Session cần kiểm tra' in 'async function renderSessionExceptions(){\n  if(dashboardTimer){clearInterval(dashboardTimer);dashboardTimer=null}\n ...abels).map(([value,label])=&gt;`&lt;option value=&quot;${esc(value)}&quot;&gt;${esc(label)}&lt;/option&gt;`).join(\'\'));\n  await load();\n}\n'">def test_claim_and_open_deeplinks_session():
     s=(R/"app/mesflow/web/static/pages/session-exceptions.js").read_text()
     assert "openSessionAfter" in s
     assert "MESFLOW_SESSION_EXCEPTION_CONTEXT" in s
&gt;    assert "Đã nhận xử lý. Đang mở Session cần kiểm tra" in s
E    assert 'Đã nhận xử lý. Đang mở Session cần kiểm tra' in 'async function renderSessionExceptions(){\n  if(dashboardTimer){clearInterval(dashboardTimer);dashboardTimer=null}\n ...abels).map(([value,label])=&gt;`&lt;option value="${esc(value)}"&gt;${esc(label)}&lt;/option&gt;`).join(\'\'));\n  await load();\n}\n'

tests/test_v6584451_receive_exception_ui.py:26: AssertionError</failure></testcase><testcase classname="tests.test_v6584451_receive_exception_ui" name="test_backend_falls_back_assignee_to_actor" time="0.000" /><testcase classname="tests.test_v6584451_receive_exception_ui" name="test_receive_does_not_require_resolution" time="0.000" /><testcase classname="tests.test_v6584452_session_exception_history" name="test_version_declarations_are_synchronized" time="0.000"><failure message="AssertionError: assert '71.0.0.206' == '65.8.44.56'&#10;  &#10;  - 65.8.44.56&#10;  + 71.0.0.206">def test_version_declarations_are_synchronized():
&gt;       assert (ROOT / "VERSION.txt").read_text().strip() == EXPECTED_VERSION
E       AssertionError: assert '71.0.0.206' == '65.8.44.56'
E         
E         - 65.8.44.56
E         + 71.0.0.206

tests/test_v6584452_session_exception_history.py:10: AssertionError</failure></testcase><testcase classname="tests.test_v6584452_session_exception_history" name="test_repeat_anomaly_uses_a_new_occurrence_without_overwriting_history" time="0.000" /><testcase classname="tests.test_v6584452_session_exception_history" name="test_corrected_in_progress_occurrence_remains_visible" time="0.000" /><testcase classname="tests.test_v6584452_session_exception_history" name="test_ui_has_three_user_workflow_states_and_history_filters" time="0.001"><failure message="assert 'data-se-view=&quot;IN_PROGRESS&quot;' in 'async function renderSessionExceptions(){\n  if(dashboardTimer){clearInterval(dashboardTimer);dashboardTimer=null}\n ...abels).map(([value,label])=&gt;`&lt;option value=&quot;${esc(value)}&quot;&gt;${esc(label)}&lt;/option&gt;`).join(\'\'));\n  await load();\n}\n'">def test_ui_has_three_user_workflow_states_and_history_filters():
        source = (ROOT / "app/mesflow/web/static/pages/session-exceptions.js").read_text()
        assert 'data-se-view="NEW"' in source
&gt;       assert 'data-se-view="IN_PROGRESS"' in source
E       assert 'data-se-view="IN_PROGRESS"' in 'async function renderSessionExceptions(){\n  if(dashboardTimer){clearInterval(dashboardTimer);dashboardTimer=null}\n ...abels).map(([value,label])=&gt;`&lt;option value="${esc(value)}"&gt;${esc(label)}&lt;/option&gt;`).join(\'\'));\n  await load();\n}\n'

tests/test_v6584452_session_exception_history.py:36: AssertionError</failure></testcase><testcase classname="tests.test_v6584452_session_exception_history" name="test_ignore_reason_and_exact_session_navigation_remain_required" time="0.000" /><testcase classname="tests.test_v6584453_exception_data_source" name="test_version_declarations_are_synchronized" time="0.000"><failure message="AssertionError: assert '71.0.0.206' == '65.8.44.56'&#10;  &#10;  - 65.8.44.56&#10;  + 71.0.0.206">def test_version_declarations_are_synchronized():
&gt;       assert (ROOT / "VERSION.txt").read_text().strip() == VERSION
E       AssertionError: assert '71.0.0.206' == '65.8.44.56'
E         
E         - 65.8.44.56
E         + 71.0.0.206

tests/test_v6584453_exception_data_source.py:10: AssertionError</failure></testcase><testcase classname="tests.test_v6584453_exception_data_source" name="test_exception_source_uses_existing_session_trace_fields" time="0.000" /><testcase classname="tests.test_v6584453_exception_data_source" name="test_exception_ui_displays_and_filters_evidence_backed_source" time="0.000" /><testcase classname="tests.test_v6584454_esp_kiosk_tutorial" name="test_version_and_runtime_tutorial_contract" time="0.000"><failure message="AssertionError: assert '71.0.0.206' == '65.8.44.58'&#10;  &#10;  - 65.8.44.58&#10;  + 71.0.0.206">def test_version_and_runtime_tutorial_contract():
        expected='65.8.44.58'
&gt;       assert (ROOT/'VERSION.txt').read_text().strip()==expected
E       AssertionError: assert '71.0.0.206' == '65.8.44.58'
E         
E         - 65.8.44.58
E         + 71.0.0.206

tests/test_v6584454_esp_kiosk_tutorial.py:8: AssertionError</failure></testcase><testcase classname="tests.test_v67_exception_center_unit" name="test_detection_publishes_event_with_correlation_id" time="0.000" /><testcase classname="tests.test_v67_exception_center_unit" name="test_typed_decisions_publish_state_event[acknowledge-ACKNOWLEDGED]" time="0.000" /><testcase classname="tests.test_v67_exception_center_unit" name="test_typed_decisions_publish_state_event[resolve-RESOLVED]" time="0.000" /><testcase classname="tests.test_v67_exception_center_unit" name="test_typed_decisions_publish_state_event[ignore-MANUAL_IGNORED]" time="0.000" /><testcase classname="tests.test_v67_exception_center_unit" name="test_migration_is_additive_indexed_and_append_only" time="0.000" /><testcase classname="tests.test_v67_exception_center_unit" name="test_routes_keep_legacy_api_and_enforce_backend_roles" time="0.000" /><testcase classname="tests.test_v67_exception_center_unit" name="test_repository_has_dedup_race_and_stale_write_guards" time="0.000" /><testcase classname="tests.test_v68_production_trace_unit" name="test_trace_event_normalized_contract" time="0.000" /><testcase classname="tests.test_v68_production_trace_unit" name="test_v68_schema_is_append_only_and_indexed" time="0.000" /><testcase classname="tests.test_v68_production_trace_unit" name="test_read_model_marks_legacy_inference_and_keeps_sources_distinct" time="0.000" /><testcase classname="tests.test_v69_system_health_unit" name="test_overall_policy" time="0.000" /><testcase classname="tests.test_v69_system_health_unit" name="test_thresholds_are_centralized" time="0.000" /><testcase classname="tests.test_v69_system_health_unit" name="test_migration_transition_not_heartbeat_history" time="0.000" /><testcase classname="tests.test_v69_system_health_unit" name="test_health_alerts_migration_additive_and_chained" time="0.000" /><testcase classname="tests.test_v69_system_health_unit" name="test_deploy_agent_provider_not_configured" time="0.000" /><testcase classname="tests.test_v69_system_health_unit" name="test_deploy_agent_provider_unreachable" time="0.000" /><testcase classname="tests.test_v69_system_health_unit" name="test_deploy_agent_provider_healthy" time="0.000" /><testcase classname="tests.test_v69_system_health_unit" name="test_server_provider_thresholds" time="0.000" /><testcase classname="tests.test_v69_system_health_unit" name="test_server_provider_down_when_agent_unreachable" time="0.000" /><testcase classname="tests.test_v69_system_health_unit" name="test_server_provider_unknown_when_ops_unavailable_but_agent_reachable" time="0.000" /><testcase classname="tests.test_v69_system_health_unit" name="test_docker_provider_unhealthy_containers" time="0.000" /><testcase classname="tests.test_v69_system_health_unit" name="test_alert_conditions_component_down_is_critical" time="0.000" /><testcase classname="tests.test_v69_system_health_unit" name="test_alert_conditions_kiosk_offline_fingerprint_is_per_device" time="0.000" /><testcase classname="tests.test_v69_system_health_unit" name="test_alert_conditions_disk_severity_scales_with_threshold" time="0.000" /><testcase classname="tests.test_v69_system_health_unit" name="test_alert_conditions_no_alerts_when_all_healthy" time="0.000" /><testcase classname="tests.test_v69_system_health_unit" name="test_latest_migration_revision_matches_the_highest_numbered_file" time="0.001" /><testcase classname="tests.test_v71_ui_foundation" name="test_shared_ui_foundation_exposes_required_primitives" time="0.000" /><testcase classname="tests.test_v71_ui_foundation" name="test_shared_drawer_has_keyboard_history_focus_and_standard_sizes" time="0.001" /><testcase classname="tests.test_v71_ui_foundation" name="test_session_management_uses_shared_vertical_slice" time="0.001" /><testcase classname="tests.test_v71_ui_foundation" name="test_navigation_supports_url_and_refresh_state" time="0.000" /><testcase classname="tests.test_v71_ui_foundation" name="test_foundation_keeps_business_and_kiosk_boundaries_unchanged" time="0.000" /><testcase classname="tests.test_v74_audit_presentation_unit" name="test_session_edit_577_shows_only_the_one_changed_field" time="0.000" /><testcase classname="tests.test_v74_audit_presentation_unit" name="test_session_edit_580_no_business_field_changed_shows_note_not_diff_noise" time="0.000" /><testcase classname="tests.test_v74_audit_presentation_unit" name="test_session_exception_workflow_update_single_session" time="0.000" /><testcase classname="tests.test_v74_audit_presentation_unit" name="test_session_exception_workflow_update_bulk_lists_affected_sessions" time="0.000" /><testcase classname="tests.test_v74_audit_presentation_unit" name="test_work_shifts_replace_shows_shift_spans_not_raw_json" time="0.000" /><testcase classname="tests.test_v74_audit_presentation_unit" name="test_every_real_audit_write_call_site_action_is_catalogued" time="0.002" /><testcase classname="tests.test_v74_audit_presentation_unit" name="test_generic_presenter_never_shows_reason_twice" time="0.000" /><testcase classname="tests.test_v74_audit_presentation_unit" name="test_unknown_action_falls_back_to_readable_label_and_keeps_code_visible" time="0.000" /><testcase classname="tests.test_v74_audit_presentation_unit" name="test_action_category_matches_friendly_filter_taxonomy" time="0.000" /><testcase classname="tests.test_v74_audit_presentation_unit" name="test_task_field_translations_present" time="0.000" /><testcase classname="tests.test_v74_audit_presentation_unit" name="test_task_enum_translations_present" time="0.000" /><testcase classname="tests.test_v74_audit_presentation_unit" name="test_enum_domains_do_not_collide_status_means_different_things" time="0.000" /><testcase classname="tests.test_v74_audit_presentation_unit" name="test_unknown_enum_value_falls_back_to_raw_text_not_crash" time="0.000" /><testcase classname="tests.test_v74_audit_presentation_unit" name="test_diff_engine_supports_string_number_boolean_null_datetime" time="0.000" /><testcase classname="tests.test_v74_audit_presentation_unit" name="test_diff_engine_ignores_updated_at_and_row_version_noise" time="0.000" /><testcase classname="tests.test_v74_audit_presentation_unit" name="test_diff_engine_never_hides_a_real_business_change" time="0.000" /><testcase classname="tests.test_v74_audit_presentation_unit" name="test_diff_engine_include_restricts_to_named_fields" time="0.000" /><testcase classname="tests.test_v74_audit_presentation_unit" name="test_reference_resolution_shows_names_not_bare_ids" time="0.000" /><testcase classname="tests.test_v74_audit_presentation_unit" name="test_normal_view_payload_never_embeds_raw_nested_objects" time="0.000" /><testcase classname="tests.test_web_kiosk_rework_v658442" name="test_web_kiosk_rework_flow_contract" time="0.000" /><testcase classname="tests.test_web_kiosk_rework_v658442" name="test_web_kiosk_keyboard_shortcuts" time="0.000" /><testcase classname="tests.test_web_kiosk_v6564" name="test_kiosk_assets_and_route_exist" time="0.000" /><testcase classname="tests.test_web_ui" name="test_ui_files" time="0.000" /><testcase classname="tests.test_web_ui" name="test_routes" time="0.000" /><testcase classname="tests.test_working_calendar_friendly_editor_v6584411" name="test_no_minute_inputs_exposed_to_user" time="0.000" /><testcase classname="tests.test_working_calendar_friendly_editor_v6584411" name="test_target_is_entered_as_hours_but_saved_as_minutes" time="0.000" /><testcase classname="tests.test_working_calendar_friendly_editor_v6584411" name="test_cross_midnight_is_automatic" time="0.000" /><testcase classname="tests.test_working_calendar_friendly_editor_v6584411" name="test_friendly_interval_layout_css_exists" time="0.000" /><testcase classname="tests.test_working_calendar_live_labels_v6584410" name="test_shift_interval_time_inputs_are_direct" time="0.000" /><testcase classname="tests.test_working_calendar_live_labels_v6584410" name="test_anchor_times_sync_work_interval_edges" time="0.000" /><testcase classname="tests.test_working_calendar_live_labels_v6584410" name="test_new_interval_follows_previous_interval" time="0.000" /></testsuite></testsuites>