<?xml version="1.0" encoding="utf-8"?><testsuites name="pytest tests"><testsuite name="pytest" errors="0" failures="0" skipped="0" tests="67" time="1.546" timestamp="2026-08-26T06:40:50.973964+07:00" hostname="fc2be966fa34"><testcase classname="tests.test_cli_reset_password.TestResetPasswordCLI" name="test_usage_error_when_username_missing" time="0.001" /><testcase classname="tests.test_cli_reset_password.TestResetPasswordCLI" name="test_unknown_username_is_refused_not_created" time="0.001" /><testcase classname="tests.test_cli_reset_password.TestResetPasswordCLI" name="test_short_password_rejected" time="0.003" /><testcase classname="tests.test_cli_reset_password.TestResetPasswordCLI" name="test_password_without_digit_rejected" time="0.001" /><testcase classname="tests.test_cli_reset_password.TestResetPasswordCLI" name="test_mismatched_confirmation_rejected" time="0.001" /><testcase classname="tests.test_cli_reset_password.TestResetPasswordCLI" name="test_successful_reset_preserves_role_and_uses_set_password_not_upsert" time="0.002" /><testcase classname="tests.test_cli_reset_password.TestResetPasswordCLI" name="test_password_never_appears_in_stdout_on_failure_paths_either" time="0.001" /><testcase classname="tests.test_correctness_p2_unit" name="test_business_date_is_interpreted_in_site_timezone_before_utc" time="0.000" /><testcase classname="tests.test_correctness_p2_unit" name="test_aware_datetime_roundtrip_never_double_converts_or_attaches_zone" time="0.000" /><testcase classname="tests.test_correctness_p2_unit" name="test_priority_uses_hcm_end_of_business_date_near_midnight" time="0.000" /><testcase classname="tests.test_correctness_p2_unit" name="test_first_operation_input_abstraction_is_explicit_and_bounded" time="0.000" /><testcase classname="tests.test_correctness_p2_unit" name="test_naive_aware_utc_is_interpreted_in_site_zone_not_os_timezone" time="0.000" /><testcase classname="tests.test_correctness_p2_unit" name="test_unexpected_failure_maps_to_500_without_leaking_exception" time="0.001" /><testcase classname="tests.test_internal_ota_readiness" name="test_ready_shared_kiosk_with_open_session_is_ota_ready" time="0.000" /><testcase classname="tests.test_internal_ota_readiness" name="test_busy_ui_is_blocked_even_when_session_diagnostic_is_false" time="0.000" /><testcase classname="tests.test_internal_ota_readiness" name="test_queue_offline_and_unhealthy_are_blocked" time="0.000" /><testcase classname="tests.test_kiosk_reconciliation.TestComputeMissing" name="test_no_gap_when_server_has_everything_in_range" time="0.000" /><testcase classname="tests.test_kiosk_reconciliation.TestComputeMissing" name="test_flagship_gap_e106_to_e110" time="0.000" /><testcase classname="tests.test_kiosk_reconciliation.TestComputeMissing" name="test_reversed_min_max_is_normalized" time="0.000" /><testcase classname="tests.test_kiosk_reconciliation.TestComputeMissing" name="test_event_id_gap_outside_sequence_range_still_detected" time="0.000" /><testcase classname="tests.test_kiosk_reconciliation.TestComputeMissing" name="test_empty_recent_event_ids_is_fine" time="0.000" /><testcase classname="tests.test_kiosk_reconciliation.TestComputeMissing" name="test_blank_event_ids_in_manifest_are_ignored_not_reported_missing" time="0.000" /><testcase classname="tests.test_kiosk_reconciliation.TestRanges" name="test_collapses_contiguous_runs" time="0.000" /><testcase classname="tests.test_kiosk_reconciliation.TestRanges" name="test_empty_input" time="0.000" /><testcase classname="tests.test_kiosk_reconciliation.TestRanges" name="test_single_value" time="0.000" /><testcase classname="tests.test_kiosk_reconciliation.TestRanges" name="test_flagship_range_is_one_contiguous_block" time="0.000" /><testcase classname="tests.test_kiosk_reconciliation.TestFlagshipDisasterRecoveryScenario" name="test_reconciliation_fills_gap_exactly_once_no_lost_no_duplicate_sessions" time="0.000" /><testcase classname="tests.test_offline_sync_repository_wiring.TestReconcileWiring" name="test_reconcile_reports_gap_from_mocked_rows_and_updates_generation" time="0.002" /><testcase classname="tests.test_offline_sync_repository_wiring.TestReconcileWiring" name="test_reconcile_bounds_absurd_ranges_to_5000" time="0.002" /><testcase classname="tests.test_offline_sync_repository_wiring.TestReconcileWiring" name="test_reconcile_with_no_events_in_range_returns_full_gap" time="0.002" /><testcase classname="tests.test_offline_sync_repository_wiring.TestDuplicateCounting" name="test_duplicate_replay_increments_counter_and_sequence_high_water_mark" time="0.002" /><testcase classname="tests.test_offline_sync_repository_wiring.TestDuplicateCounting" name="test_payload_conflict_is_rejected_not_treated_as_duplicate" time="0.001" /><testcase classname="tests.test_template_part_code_validation_v658161" name="test_normalize_part_code_trim_and_upper" time="0.000" /><testcase classname="tests.test_template_part_code_validation_v658161" name="test_unique_part_codes_are_valid" time="0.000" /><testcase classname="tests.test_template_part_code_validation_v658161" name="test_duplicate_part_codes_are_rejected_case_insensitive" time="0.000" /><testcase classname="tests.test_template_part_code_validation_v658161" name="test_duplicate_part_codes_are_rejected_after_trim" time="0.000" /><testcase classname="tests.test_template_part_code_validation_v658161" name="test_empty_part_code_is_rejected" time="0.000" /><testcase classname="tests.test_v66_domain_foundation" name="test_domain_errors_carry_a_stable_code" time="0.000" /><testcase classname="tests.test_v66_domain_foundation" name="test_domain_not_found_and_conflict_are_interchangeable_with_repository_errors" time="0.000" /><testcase classname="tests.test_v66_domain_foundation" name="test_api_error_response_maps_new_domain_errors_to_stable_http_status" time="0.002" /><testcase classname="tests.test_v66_domain_foundation" name="test_api_error_response_existing_status_codes_unchanged_for_plain_repository_errors" time="0.001" /><testcase classname="tests.test_v66_domain_foundation" name="test_event_bus_dispatches_only_to_matching_subscribers" time="0.000" /><testcase classname="tests.test_v66_domain_foundation" name="test_event_bus_carries_correlation_id_through_to_handlers" time="0.000" /><testcase classname="tests.test_v66_domain_foundation" name="test_event_bus_handler_failure_is_isolated_and_does_not_propagate" time="0.001" /><testcase classname="tests.test_v66_domain_foundation" name="test_event_bus_subscribe_is_idempotent_for_the_same_handler" time="0.000" /><testcase classname="tests.test_v66_domain_foundation" name="test_domain_event_is_frozen_and_immutable" time="0.000" /><testcase classname="tests.test_v69d_phase2_notifications_unit" name="test_severity_routing_meets_min" time="0.000" /><testcase classname="tests.test_v69d_phase2_notifications_unit" name="test_email_channel_not_configured_by_default" time="0.000" /><testcase classname="tests.test_v69d_phase2_notifications_unit" name="test_telegram_channel_not_configured_by_default" time="0.000" /><testcase classname="tests.test_v69d_phase2_notifications_unit" name="test_email_channel_configured_when_all_fields_set" time="0.000" /><testcase classname="tests.test_v69d_phase2_notifications_unit" name="test_web_channel_always_configured" time="0.000" /><testcase classname="tests.test_v69d_phase2_notifications_unit" name="test_log_source_allowlist_rejects_unknown" time="0.000" /><testcase classname="tests.test_v69d_phase2_notifications_unit" name="test_sanitize_log_text_redacts_secrets" time="0.000" /><testcase classname="tests.test_v69d_phase2_notifications_unit" name="test_notification_dispatcher_plan_includes_web_always" time="0.000" /><testcase classname="tests.test_v69g_phase3_predictive_unit" name="test_linear_regression_perfect_line" time="0.000" /><testcase classname="tests.test_v69g_phase3_predictive_unit" name="test_linear_regression_flat_line_has_zero_slope" time="0.000" /><testcase classname="tests.test_v69g_phase3_predictive_unit" name="test_linear_regression_needs_at_least_two_points" time="0.000" /><testcase classname="tests.test_v69g_phase3_predictive_unit" name="test_mad_is_robust_to_a_single_outlier" time="0.000" /><testcase classname="tests.test_v69g_phase3_predictive_unit" name="test_risk_for_days_bands" time="0.000" /><testcase classname="tests.test_v69g_phase3_predictive_unit" name="test_disabled_provider_is_never_available" time="0.000" /><testcase classname="tests.test_v69g_phase3_predictive_unit" name="test_validate_structured_accepts_well_formed_json" time="0.000" /><testcase classname="tests.test_v69g_phase3_predictive_unit" name="test_validate_structured_rejects_missing_fields" time="0.000" /><testcase classname="tests.test_v69g_phase3_predictive_unit" name="test_validate_structured_rejects_garbage" time="0.000" /><testcase classname="tests.test_v69g_phase3_predictive_unit" name="test_validate_structured_clamps_unknown_risk_label_to_safe_check" time="0.000" /><testcase classname="tests.test_v69g_phase3_predictive_unit" name="test_validate_structured_accepts_fenced_json_block" time="0.000" /><testcase classname="tests.test_v69g_phase3_predictive_unit" name="test_build_context_is_bounded_and_sanitizes_secrets" time="0.000" /><testcase classname="tests.test_v69g_phase3_predictive_unit" name="test_ai_service_never_executes_anything_from_ai_output" time="0.000" /></testsuite></testsuites>